#
# A fatal error has been detected by the Java Runtime Environment:
#
#  EXCEPTION_ACCESS_VIOLATION (0xc0000005) at pc=0x00000000643f1f0c, pid=10436, tid=0x00000000000000e0
#
# JRE version: Java(TM) SE Runtime Environment (8.0_144-b01) (build 1.8.0_144-b01)
# Java VM: Java HotSpot(TM) 64-Bit Server VM (25.144-b01 mixed mode windows-amd64 compressed oops)
# Problematic frame:
# V  [jvm.dll+0x4a1f0c]
#
# Failed to write core dump. Minidumps are not enabled by default on client versions of Windows
#
# If you would like to submit a bug report, please visit:
#   http://bugreport.java.com/bugreport/crash.jsp
#

---------------  T H R E A D  ---------------

Current thread (0x0000000017181000):  JavaThread "C2 CompilerThread0" daemon [_thread_in_native, id=224, stack(0x0000000018ed0000,0x0000000018fd0000)]

siginfo: ExceptionCode=0xc0000005, reading address 0x0000000400000000

Registers:
RAX=0x0000000017185000, RBX=0x0000000018fcc7b0, RCX=0x0000000400000000, RDX=0x000000001aa2bdc0
RSP=0x0000000018fcc620, RBP=0x00000000190ced40, RSI=0x0000000000000006, RDI=0x0000000000000030
R8 =0x0000000000000050, R9 =0x0000000000000020, R10=0x000000000000000a, R11=0x0000000018fcc630
R12=0x0000000023684f40, R13=0x000000001aa2bdc0, R14=0x000000006476df90, R15=0x0000000000000000
RIP=0x00000000643f1f0c, EFLAGS=0x0000000000010206

Top of Stack: (sp=0x0000000018fcc620)
0x0000000018fcc620:   0000000018fcc7b0 00000000644294e4
0x0000000018fcc630:   0000000000000000 0000000018fccc30
0x0000000018fcc640:   0000000021938950 0000000021716730
0x0000000018fcc650:   0000000000000011 00000000643ee10c
0x0000000018fcc660:   0000000018fcc760 0000000018fccc30
0x0000000018fcc670:   0000000021938570 0000000000000098
0x0000000018fcc680:   0000000100000000 0000000000000011
0x0000000018fcc690:   000000001c1769b0 0000063800000000
0x0000000018fcc6a0:   0000009800000010 00007ffaffffffff
0x0000000018fcc6b0:   0000000005155455 0000000000000000
0x0000000018fcc6c0:   0000000000000000 0000000000000000
0x0000000018fcc6d0:   0000000000000000 0000085e00000000
0x0000000018fcc6e0:   0303030300000008 000000001c0dbd00
0x0000000018fcc6f0:   0000000000000009 0000000018fcc7c0
0x0000000018fcc700:   0000000000000009 0000000018fcc7b0
0x0000000018fcc710:   0000000000000001 0000000000000002 

Instructions: (pc=0x00000000643f1f0c)
0x00000000643f1eec:   00 48 8b a9 88 00 00 00 48 8b 8d f0 07 00 00 48
0x00000000643f1efc:   85 c9 75 0c e8 fb fc ff ff 48 8b 8d f0 07 00 00
0x00000000643f1f0c:   48 8b 01 48 89 85 f0 07 00 00 33 c0 48 89 01 48
0x00000000643f1f1c:   89 41 08 48 89 41 10 48 89 41 18 41 8b 04 24 89 


Register to memory mapping:

RAX=0x0000000017185000 is a thread
RBX=0x0000000018fcc7b0 is pointing into the stack for thread: 0x0000000017181000
RCX=0x0000000400000000 is an unknown value
RDX=0x000000001aa2bdc0 is an unknown value
RSP=0x0000000018fcc620 is pointing into the stack for thread: 0x0000000017181000
RBP=0x00000000190ced40 is pointing into the stack for thread: 0x0000000017185000
RSI=0x0000000000000006 is an unknown value
RDI=0x0000000000000030 is an unknown value
R8 =0x0000000000000050 is an unknown value
R9 =0x0000000000000020 is an unknown value
R10=0x000000000000000a is an unknown value
R11=0x0000000018fcc630 is pointing into the stack for thread: 0x0000000017181000
R12=0x0000000023684f40 is an unknown value
R13=0x000000001aa2bdc0 is an unknown value
R14=0x000000006476df90 is an unknown value
R15=0x0000000000000000 is an unknown value


Stack: [0x0000000018ed0000,0x0000000018fd0000],  sp=0x0000000018fcc620,  free space=1009k
Native frames: (J=compiled Java code, j=interpreted, Vv=VM code, C=native code)
V  [jvm.dll+0x4a1f0c]
V  [jvm.dll+0x49e10c]
V  [jvm.dll+0x469328]
V  [jvm.dll+0x4745bb]
V  [jvm.dll+0x476ec7]
V  [jvm.dll+0x4598c2]
V  [jvm.dll+0xa5dc2]
V  [jvm.dll+0xa66ff]
V  [jvm.dll+0x24524f]
V  [jvm.dll+0x29ca6a]
C  [msvcr100.dll+0x21d9f]
C  [msvcr100.dll+0x21e3b]
C  [KERNEL32.DLL+0x11fe4]
C  [ntdll.dll+0x6ef91]


Current CompileTask:
C2:44364147 10574       4       net.logstash.logback.appender.AsyncDisruptorAppender::append (156 bytes)


---------------  P R O C E S S  ---------------

Java Threads: ( => current thread )
  0x000000001aa44000 JavaThread "HikariPool-1 connection adder" daemon [_thread_in_native, id=8548, stack(0x000000002fc40000,0x000000002fd40000)]
  0x000000001aa3f800 JavaThread "HikariPool-1 connection closer" daemon [_thread_blocked, id=2752, stack(0x000000002fb40000,0x000000002fc40000)]
  0x000000001aa38800 JavaThread "elasticsearch[Widget][generic][T#27]" daemon [_thread_blocked, id=10372, stack(0x000000002fa40000,0x000000002fb40000)]
  0x000000001aa3e000 JavaThread "elasticsearch[Widget][generic][T#26]" daemon [_thread_blocked, id=8552, stack(0x000000002f740000,0x000000002f840000)]
  0x000000001aa3b000 JavaThread "DestroyJavaVM" [_thread_blocked, id=8532, stack(0x0000000004940000,0x0000000004a40000)]
  0x000000001aa39800 JavaThread "XNIO-2 task-32" [_thread_blocked, id=11104, stack(0x000000002df40000,0x000000002e040000)]
  0x000000001aa3d000 JavaThread "XNIO-2 task-31" [_thread_blocked, id=7848, stack(0x000000002de40000,0x000000002df40000)]
  0x000000001aa3e800 JavaThread "XNIO-2 task-30" [_thread_blocked, id=1736, stack(0x000000002dd40000,0x000000002de40000)]
  0x000000001aa3a000 JavaThread "XNIO-2 task-29" [_thread_blocked, id=2128, stack(0x000000002dc40000,0x000000002dd40000)]
  0x000000001aa36800 JavaThread "XNIO-2 task-27" [_thread_blocked, id=1704, stack(0x000000002db40000,0x000000002dc40000)]
  0x000000001aa37000 JavaThread "XNIO-2 task-28" [_thread_blocked, id=11056, stack(0x000000002da40000,0x000000002db40000)]
  0x000000001aa35800 JavaThread "XNIO-2 task-26" [_thread_blocked, id=2728, stack(0x000000002d940000,0x000000002da40000)]
  0x000000001d85a000 JavaThread "XNIO-2 task-25" [_thread_blocked, id=11256, stack(0x000000002d840000,0x000000002d940000)]
  0x000000001d859800 JavaThread "XNIO-2 task-24" [_thread_blocked, id=8584, stack(0x000000002d740000,0x000000002d840000)]
  0x000000001d854000 JavaThread "XNIO-2 task-23" [_thread_blocked, id=6096, stack(0x000000002d640000,0x000000002d740000)]
  0x000000001d858800 JavaThread "XNIO-2 task-22" [_thread_blocked, id=9524, stack(0x000000002d540000,0x000000002d640000)]
  0x000000001d858000 JavaThread "XNIO-2 task-21" [_thread_blocked, id=3548, stack(0x000000002d440000,0x000000002d540000)]
  0x000000001d853800 JavaThread "XNIO-2 task-20" [_thread_blocked, id=9096, stack(0x000000002d340000,0x000000002d440000)]
  0x000000001d855800 JavaThread "XNIO-2 task-19" [_thread_blocked, id=6788, stack(0x000000002d240000,0x000000002d340000)]
  0x000000001d856800 JavaThread "XNIO-2 task-18" [_thread_blocked, id=5308, stack(0x000000002d140000,0x000000002d240000)]
  0x000000001d84e000 JavaThread "XNIO-2 task-17" [_thread_blocked, id=5848, stack(0x000000002d040000,0x000000002d140000)]
  0x000000001d852800 JavaThread "XNIO-2 task-16" [_thread_blocked, id=4052, stack(0x000000002cf40000,0x000000002d040000)]
  0x000000001d855000 JavaThread "XNIO-2 task-15" [_thread_blocked, id=8544, stack(0x000000002ce40000,0x000000002cf40000)]
  0x000000001d850000 JavaThread "XNIO-2 task-14" [_thread_blocked, id=7096, stack(0x000000002cd40000,0x000000002ce40000)]
  0x000000001d84f800 JavaThread "XNIO-2 task-13" [_thread_blocked, id=768, stack(0x000000002cc40000,0x000000002cd40000)]
  0x000000001d84b800 JavaThread "XNIO-2 task-12" [_thread_blocked, id=8160, stack(0x000000002cb40000,0x000000002cc40000)]
  0x000000001d851000 JavaThread "XNIO-2 task-11" [_thread_blocked, id=6936, stack(0x000000002c7a0000,0x000000002c8a0000)]
  0x000000001d851800 JavaThread "XNIO-2 task-10" [_thread_blocked, id=1256, stack(0x000000002c6a0000,0x000000002c7a0000)]
  0x000000001d84e800 JavaThread "XNIO-2 task-9" [_thread_blocked, id=9252, stack(0x000000002bf50000,0x000000002c050000)]
  0x000000001d84d000 JavaThread "XNIO-2 task-8" [_thread_blocked, id=3440, stack(0x000000002be50000,0x000000002bf50000)]
  0x000000001d84c800 JavaThread "XNIO-2 task-7" [_thread_blocked, id=1000, stack(0x000000002bd50000,0x000000002be50000)]
  0x000000001d980800 JavaThread "XNIO-2 task-6" [_thread_blocked, id=5124, stack(0x000000002bc50000,0x000000002bd50000)]
  0x000000001d97e000 JavaThread "XNIO-2 task-5" [_thread_blocked, id=10084, stack(0x000000002bb50000,0x000000002bc50000)]
  0x000000001d97d800 JavaThread "XNIO-2 task-4" [_thread_blocked, id=208, stack(0x000000002ba50000,0x000000002bb50000)]
  0x000000001d97a800 JavaThread "XNIO-2 task-3" [_thread_blocked, id=9044, stack(0x000000002b950000,0x000000002ba50000)]
  0x000000001d97c800 JavaThread "XNIO-2 task-2" [_thread_blocked, id=6292, stack(0x000000002a7d0000,0x000000002a8d0000)]
  0x000000001d979800 JavaThread "XNIO-2 task-1" [_thread_blocked, id=7232, stack(0x000000002a6d0000,0x000000002a7d0000)]
  0x000000001d97c000 JavaThread "XNIO-2 Accept" [_thread_in_native, id=6484, stack(0x000000002a3d0000,0x000000002a4d0000)]
  0x000000001d97f800 JavaThread "XNIO-2 I/O-4" [_thread_in_native, id=2916, stack(0x000000002a2d0000,0x000000002a3d0000)]
  0x000000001d97b000 JavaThread "XNIO-2 I/O-3" [_thread_in_native, id=2684, stack(0x000000002a1d0000,0x000000002a2d0000)]
  0x000000001d97f000 JavaThread "XNIO-2 I/O-2" [_thread_in_native, id=3700, stack(0x000000002a0d0000,0x000000002a1d0000)]
  0x000000001d974800 JavaThread "XNIO-2 I/O-1" [_thread_in_native, id=9084, stack(0x0000000029fd0000,0x000000002a0d0000)]
  0x000000001d975000 JavaThread "pool-2-thread-1" [_thread_blocked, id=4164, stack(0x0000000029ae0000,0x0000000029be0000)]
  0x000000001d973800 JavaThread "elasticsearch[Widget][transport_client_timer][T#1]{Hashed wheel timer #1}" daemon [_thread_blocked, id=3468, stack(0x00000000293e0000,0x00000000294e0000)]
  0x000000001d973000 JavaThread "elasticsearch[Widget][transport_client_boss][T#1]{New I/O boss #9}" daemon [_thread_in_native, id=3288, stack(0x00000000292e0000,0x00000000293e0000)]
  0x000000001d977800 JavaThread "elasticsearch[Widget][transport_client_worker][T#8]{New I/O worker #8}" daemon [_thread_in_native, id=10740, stack(0x00000000291e0000,0x00000000292e0000)]
  0x000000001fd5b000 JavaThread "elasticsearch[Widget][transport_client_worker][T#7]{New I/O worker #7}" daemon [_thread_in_native, id=11232, stack(0x00000000290e0000,0x00000000291e0000)]
  0x000000001fd5a800 JavaThread "elasticsearch[Widget][transport_client_worker][T#6]{New I/O worker #6}" daemon [_thread_in_native, id=10972, stack(0x0000000027f80000,0x0000000028080000)]
  0x000000001fd56000 JavaThread "elasticsearch[Widget][transport_client_worker][T#5]{New I/O worker #5}" daemon [_thread_in_native, id=3096, stack(0x0000000027e80000,0x0000000027f80000)]
  0x000000001fd59000 JavaThread "elasticsearch[Widget][transport_client_worker][T#4]{New I/O worker #4}" daemon [_thread_in_native, id=8140, stack(0x0000000027d80000,0x0000000027e80000)]
  0x000000001fd58000 JavaThread "elasticsearch[Widget][transport_client_worker][T#3]{New I/O worker #3}" daemon [_thread_in_native, id=868, stack(0x0000000027c80000,0x0000000027d80000)]
  0x000000001fd5c000 JavaThread "elasticsearch[Widget][transport_client_worker][T#2]{New I/O worker #2}" daemon [_thread_in_native, id=7356, stack(0x0000000027b80000,0x0000000027c80000)]
  0x000000001fd57800 JavaThread "elasticsearch[Widget][transport_client_worker][T#1]{New I/O worker #1}" daemon [_thread_in_native, id=4720, stack(0x0000000026a80000,0x0000000026b80000)]
  0x000000001fd55000 JavaThread "elasticsearch[Widget][scheduler][T#1]" daemon [_thread_blocked, id=8716, stack(0x0000000026980000,0x0000000026a80000)]
  0x000000001fd56800 JavaThread "elasticsearch[Widget][[timer]]" daemon [_thread_blocked, id=10480, stack(0x0000000026480000,0x0000000026580000)]
  0x000000001fd59800 JavaThread "AsyncAppender-Worker-ASYNC_LOGSTASH" daemon [_thread_blocked, id=2152, stack(0x0000000025f80000,0x0000000026080000)]
  0x0000000021905800 JavaThread "logback-appender-LOGSTASH-localhost:5000-2" daemon [_thread_blocked, id=988, stack(0x0000000025e80000,0x0000000025f80000)]
  0x000000002190a000 JavaThread "HikariPool-1 housekeeper" daemon [_thread_blocked, id=9452, stack(0x0000000024f80000,0x0000000025080000)]
  0x0000000021907000 JavaThread "cafvalidity-v-2-Executor-1" [_thread_blocked, id=1808, stack(0x0000000022150000,0x0000000022250000)]
  0x0000000021909000 JavaThread "XNIO-1 Accept" daemon [_thread_in_native, id=1240, stack(0x0000000022050000,0x0000000022150000)]
  0x0000000021908800 JavaThread "XNIO-1 I/O-1" daemon [_thread_in_native, id=10636, stack(0x0000000021f50000,0x0000000022050000)]
  0x000000002190a800 JavaThread "metrics-logger-reporter-1-thread-1" daemon [_thread_blocked, id=9484, stack(0x0000000021e50000,0x0000000021f50000)]
  0x000000002190c000 JavaThread "Abandoned connection cleanup thread" daemon [_thread_blocked, id=7172, stack(0x0000000021d50000,0x0000000021e50000)]
  0x000000001921f000 JavaThread "Service Thread" daemon [_thread_blocked, id=9224, stack(0x00000000195d0000,0x00000000196d0000)]
  0x0000000017186800 JavaThread "C1 CompilerThread2" daemon [_thread_in_vm, id=8464, stack(0x00000000190d0000,0x00000000191d0000)]
  0x0000000017185000 JavaThread "C2 CompilerThread1" daemon [_thread_in_native, id=10244, stack(0x0000000018fd0000,0x00000000190d0000)]
=>0x0000000017181000 JavaThread "C2 CompilerThread0" daemon [_thread_in_native, id=224, stack(0x0000000018ed0000,0x0000000018fd0000)]
  0x0000000017175000 JavaThread "JDWP Command Reader" daemon [_thread_in_native, id=8324, stack(0x0000000018dd0000,0x0000000018ed0000)]
  0x0000000017174000 JavaThread "JDWP Event Helper Thread" daemon [_thread_blocked, id=6652, stack(0x0000000018cd0000,0x0000000018dd0000)]
  0x0000000017163000 JavaThread "JDWP Transport Listener: dt_socket" daemon [_thread_blocked, id=1968, stack(0x0000000018bd0000,0x0000000018cd0000)]
  0x0000000017158800 JavaThread "Attach Listener" daemon [_thread_blocked, id=11260, stack(0x0000000018790000,0x0000000018890000)]
  0x0000000017157000 JavaThread "Signal Dispatcher" daemon [_thread_blocked, id=10900, stack(0x0000000018690000,0x0000000018790000)]
  0x0000000017140000 JavaThread "Finalizer" daemon [_thread_blocked, id=3872, stack(0x00000000183a0000,0x00000000184a0000)]
  0x0000000004b38000 JavaThread "Reference Handler" daemon [_thread_blocked, id=2052, stack(0x00000000182a0000,0x00000000183a0000)]

Other Threads:
  0x0000000017118000 VMThread [stack: 0x00000000181a0000,0x00000000182a0000] [id=1404]
  0x00000000192e9800 WatcherThread [stack: 0x00000000196d0000,0x00000000197d0000] [id=10276]

VM state:not at safepoint (normal execution)

VM Mutex/Monitor currently owned by a thread: None

Heap:
 PSYoungGen      total 315904K, used 279472K [0x00000000eb180000, 0x00000000ffe00000, 0x0000000100000000)
  eden space 294400K, 91% used [0x00000000eb180000,0x00000000fb73f930,0x00000000fd100000)
  from space 21504K, 53% used [0x00000000fe900000,0x00000000ff42c7c0,0x00000000ffe00000)
  to   space 23040K, 0% used [0x00000000fd100000,0x00000000fd100000,0x00000000fe780000)
 ParOldGen       total 76288K, used 47508K [0x00000000c1400000, 0x00000000c5e80000, 0x00000000eb180000)
  object space 76288K, 62% used [0x00000000c1400000,0x00000000c4265118,0x00000000c5e80000)
 Metaspace       used 83238K, capacity 84810K, committed 84884K, reserved 1122304K
  class space    used 10788K, capacity 11133K, committed 11156K, reserved 1048576K

Card table byte_map: [0x0000000013f00000,0x0000000014100000] byte_map_base: 0x00000000138f6000

Marking Bits: (ParMarkBitMap*) 0x000000006476d850
 Begin Bits: [0x0000000014650000, 0x0000000015600000)
 End Bits:   [0x0000000015600000, 0x00000000165b0000)

Polling page: 0x00000000046c0000

CodeCache: size=245760Kb used=34029Kb max_used=34398Kb free=211730Kb
 bounds [0x0000000004b40000, 0x0000000006d00000, 0x0000000013b40000]
 total_blobs=9397 nmethods=8529 adapters=787
 compilation: enabled

Compilation events (10 events):
Event: 5197.500 Thread 0x0000000017185000 nmethod 10567 0x0000000006969110 code [0x0000000006969260, 0x0000000006969378]
Event: 5197.504 Thread 0x0000000017185000 10536       4       com.sun.jmx.mbeanserver.DefaultMXBeanMappingFactory$NonNullMXBeanMapping::toOpenValue (12 bytes)
Event: 5197.506 Thread 0x0000000017181000 nmethod 10540 0x000000000508ff90 code [0x0000000005090120, 0x0000000005090518]
Event: 5197.507 Thread 0x0000000017185000 nmethod 10536 0x00000000064f2910 code [0x00000000064f2a60, 0x00000000064f2af8]
Event: 5197.507 Thread 0x0000000017185000 10573       4       net.logstash.logback.appender.AsyncDisruptorAppender::append (9 bytes)
Event: 5197.511 Thread 0x0000000017181000 10574       4       net.logstash.logback.appender.AsyncDisruptorAppender::append (156 bytes)
Event: 44342.959 Thread 0x0000000017186800 10577 %     3       org.jboss.netty.util.HashedWheelTimer$Worker::run @ 42 (185 bytes)
Event: 44342.967 Thread 0x0000000017186800 nmethod 10577% 0x0000000006486990 code [0x0000000006486c20, 0x0000000006487cc8]
Event: 44342.969 Thread 0x0000000017186800 10578       3       org.jboss.netty.util.HashedWheelTimer$Worker::run (185 bytes)
Event: 44342.976 Thread 0x0000000017186800 nmethod 10578 0x000000000696bf10 code [0x000000000696c1a0, 0x000000000696d188]

GC Heap History (10 events):
Event: 43.487 GC heap before
{Heap before GC invocations=19 (full 3):
 PSYoungGen      total 317952K, used 3878K [0x00000000eb180000, 0x0000000100000000, 0x0000000100000000)
  eden space 304640K, 0% used [0x00000000eb180000,0x00000000eb180000,0x00000000fdb00000)
  from space 13312K, 29% used [0x00000000ff300000,0x00000000ff6c9b00,0x0000000100000000)
  to   space 18944K, 0% used [0x00000000fdb00000,0x00000000fdb00000,0x00000000fed80000)
 ParOldGen       total 46592K, used 34741K [0x00000000c1400000, 0x00000000c4180000, 0x00000000eb180000)
  object space 46592K, 74% used [0x00000000c1400000,0x00000000c35ed680,0x00000000c4180000)
 Metaspace       used 57892K, capacity 58994K, committed 59028K, reserved 1099776K
  class space    used 7554K, capacity 7828K, committed 7828K, reserved 1048576K
Event: 43.970 GC heap after
Heap after GC invocations=19 (full 3):
 PSYoungGen      total 317952K, used 0K [0x00000000eb180000, 0x0000000100000000, 0x0000000100000000)
  eden space 304640K, 0% used [0x00000000eb180000,0x00000000eb180000,0x00000000fdb00000)
  from space 13312K, 0% used [0x00000000ff300000,0x00000000ff300000,0x0000000100000000)
  to   space 18944K, 0% used [0x00000000fdb00000,0x00000000fdb00000,0x00000000fed80000)
 ParOldGen       total 76288K, used 32565K [0x00000000c1400000, 0x00000000c5e80000, 0x00000000eb180000)
  object space 76288K, 42% used [0x00000000c1400000,0x00000000c33cd710,0x00000000c5e80000)
 Metaspace       used 57892K, capacity 58994K, committed 59028K, reserved 1099776K
  class space    used 7554K, capacity 7828K, committed 7828K, reserved 1048576K
}
Event: 54.595 GC heap before
{Heap before GC invocations=20 (full 3):
 PSYoungGen      total 317952K, used 304640K [0x00000000eb180000, 0x0000000100000000, 0x0000000100000000)
  eden space 304640K, 100% used [0x00000000eb180000,0x00000000fdb00000,0x00000000fdb00000)
  from space 13312K, 0% used [0x00000000ff300000,0x00000000ff300000,0x0000000100000000)
  to   space 18944K, 0% used [0x00000000fdb00000,0x00000000fdb00000,0x00000000fed80000)
 ParOldGen       total 76288K, used 32565K [0x00000000c1400000, 0x00000000c5e80000, 0x00000000eb180000)
  object space 76288K, 42% used [0x00000000c1400000,0x00000000c33cd710,0x00000000c5e80000)
 Metaspace       used 68581K, capacity 69714K, committed 70036K, reserved 1110016K
  class space    used 9056K, capacity 9332K, committed 9364K, reserved 1048576K
Event: 54.623 GC heap after
Heap after GC invocations=20 (full 3):
 PSYoungGen      total 321024K, used 15980K [0x00000000eb180000, 0x0000000100000000, 0x0000000100000000)
  eden space 304640K, 0% used [0x00000000eb180000,0x00000000eb180000,0x00000000fdb00000)
  from space 16384K, 97% used [0x00000000fdb00000,0x00000000fea9b0c0,0x00000000feb00000)
  to   space 20992K, 0% used [0x00000000feb80000,0x00000000feb80000,0x0000000100000000)
 ParOldGen       total 76288K, used 32573K [0x00000000c1400000, 0x00000000c5e80000, 0x00000000eb180000)
  object space 76288K, 42% used [0x00000000c1400000,0x00000000c33cf710,0x00000000c5e80000)
 Metaspace       used 68581K, capacity 69714K, committed 70036K, reserved 1110016K
  class space    used 9056K, capacity 9332K, committed 9364K, reserved 1048576K
}
Event: 62.793 GC heap before
{Heap before GC invocations=21 (full 3):
 PSYoungGen      total 321024K, used 320620K [0x00000000eb180000, 0x0000000100000000, 0x0000000100000000)
  eden space 304640K, 100% used [0x00000000eb180000,0x00000000fdb00000,0x00000000fdb00000)
  from space 16384K, 97% used [0x00000000fdb00000,0x00000000fea9b0c0,0x00000000feb00000)
  to   space 20992K, 0% used [0x00000000feb80000,0x00000000feb80000,0x0000000100000000)
 ParOldGen       total 76288K, used 32573K [0x00000000c1400000, 0x00000000c5e80000, 0x00000000eb180000)
  object space 76288K, 42% used [0x00000000c1400000,0x00000000c33cf710,0x00000000c5e80000)
 Metaspace       used 76185K, capacity 77506K, committed 77716K, reserved 1116160K
  class space    used 10030K, capacity 10352K, committed 10388K, reserved 1048576K
Event: 62.856 GC heap after
Heap after GC invocations=21 (full 3):
 PSYoungGen      total 314368K, used 20965K [0x00000000eb180000, 0x0000000100000000, 0x0000000100000000)
  eden space 293376K, 0% used [0x00000000eb180000,0x00000000eb180000,0x00000000fd000000)
  from space 20992K, 99% used [0x00000000feb80000,0x00000000ffff97a0,0x0000000100000000)
  to   space 24576K, 0% used [0x00000000fd000000,0x00000000fd000000,0x00000000fe800000)
 ParOldGen       total 76288K, used 32713K [0x00000000c1400000, 0x00000000c5e80000, 0x00000000eb180000)
  object space 76288K, 42% used [0x00000000c1400000,0x00000000c33f2498,0x00000000c5e80000)
 Metaspace       used 76185K, capacity 77506K, committed 77716K, reserved 1116160K
  class space    used 10030K, capacity 10352K, committed 10388K, reserved 1048576K
}
Event: 67.330 GC heap before
{Heap before GC invocations=22 (full 3):
 PSYoungGen      total 314368K, used 314341K [0x00000000eb180000, 0x0000000100000000, 0x0000000100000000)
  eden space 293376K, 100% used [0x00000000eb180000,0x00000000fd000000,0x00000000fd000000)
  from space 20992K, 99% used [0x00000000feb80000,0x00000000ffff97a0,0x0000000100000000)
  to   space 24576K, 0% used [0x00000000fd000000,0x00000000fd000000,0x00000000fe800000)
 ParOldGen       total 76288K, used 32713K [0x00000000c1400000, 0x00000000c5e80000, 0x00000000eb180000)
  object space 76288K, 42% used [0x00000000c1400000,0x00000000c33f2498,0x00000000c5e80000)
 Metaspace       used 79058K, capacity 80462K, committed 80660K, reserved 1120256K
  class space    used 10398K, capacity 10716K, committed 10772K, reserved 1048576K
Event: 67.378 GC heap after
Heap after GC invocations=22 (full 3):
 PSYoungGen      total 317952K, used 7796K [0x00000000eb180000, 0x0000000100000000, 0x0000000100000000)
  eden space 293376K, 0% used [0x00000000eb180000,0x00000000eb180000,0x00000000fd000000)
  from space 24576K, 31% used [0x00000000fd000000,0x00000000fd79d0b8,0x00000000fe800000)
  to   space 23552K, 0% used [0x00000000fe900000,0x00000000fe900000,0x0000000100000000)
 ParOldGen       total 76288K, used 47500K [0x00000000c1400000, 0x00000000c5e80000, 0x00000000eb180000)
  object space 76288K, 62% used [0x00000000c1400000,0x00000000c4263118,0x00000000c5e80000)
 Metaspace       used 79058K, capacity 80462K, committed 80660K, reserved 1120256K
  class space    used 10398K, capacity 10716K, committed 10772K, reserved 1048576K
}
Event: 71.135 GC heap before
{Heap before GC invocations=23 (full 3):
 PSYoungGen      total 317952K, used 301172K [0x00000000eb180000, 0x0000000100000000, 0x0000000100000000)
  eden space 293376K, 100% used [0x00000000eb180000,0x00000000fd000000,0x00000000fd000000)
  from space 24576K, 31% used [0x00000000fd000000,0x00000000fd79d0b8,0x00000000fe800000)
  to   space 23552K, 0% used [0x00000000fe900000,0x00000000fe900000,0x0000000100000000)
 ParOldGen       total 76288K, used 47500K [0x00000000c1400000, 0x00000000c5e80000, 0x00000000eb180000)
  object space 76288K, 62% used [0x00000000c1400000,0x00000000c4263118,0x00000000c5e80000)
 Metaspace       used 80468K, capacity 81904K, committed 82068K, reserved 1120256K
  class space    used 10581K, capacity 10887K, committed 10900K, reserved 1048576K
Event: 71.166 GC heap after
Heap after GC invocations=23 (full 3):
 PSYoungGen      total 315904K, used 11441K [0x00000000eb180000, 0x00000000ffe00000, 0x0000000100000000)
  eden space 294400K, 0% used [0x00000000eb180000,0x00000000eb180000,0x00000000fd100000)
  from space 21504K, 53% used [0x00000000fe900000,0x00000000ff42c7c0,0x00000000ffe00000)
  to   space 23040K, 0% used [0x00000000fd100000,0x00000000fd100000,0x00000000fe780000)
 ParOldGen       total 76288K, used 47508K [0x00000000c1400000, 0x00000000c5e80000, 0x00000000eb180000)
  object space 76288K, 62% used [0x00000000c1400000,0x00000000c4265118,0x00000000c5e80000)
 Metaspace       used 80468K, capacity 81904K, committed 82068K, reserved 1120256K
  class space    used 10581K, capacity 10887K, committed 10900K, reserved 1048576K
}

Deoptimization events (10 events):
Event: 5197.022 Thread 0x000000002190a800 Uncommon trap: reason=unhandled action=none pc=0x0000000006525e7c method=java.lang.Class.getDeclaredMethod(Ljava/lang/String;[Ljava/lang/Class;)Ljava/lang/reflect/Method; @ 64
Event: 5197.054 Thread 0x000000002190a800 Uncommon trap: reason=unhandled action=none pc=0x0000000006525e7c method=java.lang.Class.getDeclaredMethod(Ljava/lang/String;[Ljava/lang/Class;)Ljava/lang/reflect/Method; @ 64
Event: 5197.102 Thread 0x000000002190a800 Uncommon trap: reason=unhandled action=none pc=0x0000000006525e7c method=java.lang.Class.getDeclaredMethod(Ljava/lang/String;[Ljava/lang/Class;)Ljava/lang/reflect/Method; @ 64
Event: 5197.125 Thread 0x000000002190a800 Uncommon trap: reason=unhandled action=none pc=0x0000000006525e7c method=java.lang.Class.getDeclaredMethod(Ljava/lang/String;[Ljava/lang/Class;)Ljava/lang/reflect/Method; @ 64
Event: 5197.174 Thread 0x000000002190a800 Uncommon trap: reason=unhandled action=none pc=0x0000000006525e7c method=java.lang.Class.getDeclaredMethod(Ljava/lang/String;[Ljava/lang/Class;)Ljava/lang/reflect/Method; @ 64
Event: 5197.199 Thread 0x000000002190a800 Uncommon trap: reason=unhandled action=none pc=0x0000000006525e7c method=java.lang.Class.getDeclaredMethod(Ljava/lang/String;[Ljava/lang/Class;)Ljava/lang/reflect/Method; @ 64
Event: 5197.223 Thread 0x000000002190a800 Uncommon trap: reason=unhandled action=none pc=0x0000000006525e7c method=java.lang.Class.getDeclaredMethod(Ljava/lang/String;[Ljava/lang/Class;)Ljava/lang/reflect/Method; @ 64
Event: 5197.242 Thread 0x000000002190a800 Uncommon trap: reason=unhandled action=none pc=0x0000000006525e7c method=java.lang.Class.getDeclaredMethod(Ljava/lang/String;[Ljava/lang/Class;)Ljava/lang/reflect/Method; @ 64
Event: 5197.313 Thread 0x000000002190a800 Uncommon trap: reason=unhandled action=none pc=0x0000000006525e7c method=java.lang.Class.getDeclaredMethod(Ljava/lang/String;[Ljava/lang/Class;)Ljava/lang/reflect/Method; @ 64
Event: 5197.333 Thread 0x000000002190a800 Uncommon trap: reason=unhandled action=none pc=0x0000000006525e7c method=java.lang.Class.getDeclaredMethod(Ljava/lang/String;[Ljava/lang/Class;)Ljava/lang/reflect/Method; @ 64

Internal exceptions (10 events):
Event: 5151.651 Thread 0x000000001d973000 Exception <a 'java/net/ConnectException': Connection refused: no further information> (0x00000000f7b9fe98) thrown at [C:\re\workspace\8-2-build-windows-amd64-cygwin\jdk8u144\9417\hotspot\src\share\vm\prims\jni.cpp, line 735]
Event: 5155.545 Thread 0x0000000021905800 Exception <a 'java/net/ConnectException': Connection refused: connect> (0x00000000ec8a5e10) thrown at [C:\re\workspace\8-2-build-windows-amd64-cygwin\jdk8u144\9417\hotspot\src\share\vm\prims\jni.cpp, line 735]
Event: 5157.665 Thread 0x000000001d973000 Exception <a 'java/net/ConnectException': Connection refused: no further information> (0x00000000f7ba1188) thrown at [C:\re\workspace\8-2-build-windows-amd64-cygwin\jdk8u144\9417\hotspot\src\share\vm\prims\jni.cpp, line 735]
Event: 5163.675 Thread 0x000000001d973000 Exception <a 'java/net/ConnectException': Connection refused: no further information> (0x00000000f7ba2478) thrown at [C:\re\workspace\8-2-build-windows-amd64-cygwin\jdk8u144\9417\hotspot\src\share\vm\prims\jni.cpp, line 735]
Event: 5169.699 Thread 0x000000001d973000 Exception <a 'java/net/ConnectException': Connection refused: no further information> (0x00000000f7ba37c8) thrown at [C:\re\workspace\8-2-build-windows-amd64-cygwin\jdk8u144\9417\hotspot\src\share\vm\prims\jni.cpp, line 735]
Event: 5175.714 Thread 0x000000001d973000 Exception <a 'java/net/ConnectException': Connection refused: no further information> (0x00000000f7ba4b58) thrown at [C:\re\workspace\8-2-build-windows-amd64-cygwin\jdk8u144\9417\hotspot\src\share\vm\prims\jni.cpp, line 735]
Event: 5181.725 Thread 0x000000001d973000 Exception <a 'java/net/ConnectException': Connection refused: no further information> (0x00000000f7ba5f48) thrown at [C:\re\workspace\8-2-build-windows-amd64-cygwin\jdk8u144\9417\hotspot\src\share\vm\prims\jni.cpp, line 735]
Event: 5185.437 Thread 0x0000000021905800 Exception <a 'java/net/ConnectException': Connection refused: connect> (0x00000000ec8a6d58) thrown at [C:\re\workspace\8-2-build-windows-amd64-cygwin\jdk8u144\9417\hotspot\src\share\vm\prims\jni.cpp, line 735]
Event: 5187.741 Thread 0x000000001d973000 Exception <a 'java/net/ConnectException': Connection refused: no further information> (0x00000000f7ba72d8) thrown at [C:\re\workspace\8-2-build-windows-amd64-cygwin\jdk8u144\9417\hotspot\src\share\vm\prims\jni.cpp, line 735]
Event: 5193.753 Thread 0x000000001d973000 Exception <a 'java/net/ConnectException': Connection refused: no further information> (0x00000000f7ba8628) thrown at [C:\re\workspace\8-2-build-windows-amd64-cygwin\jdk8u144\9417\hotspot\src\share\vm\prims\jni.cpp, line 735]

Events (10 events):
Event: 5197.549 Thread 0x000000001fd59800 DEOPT PACKING pc=0x000000000523278c sp=0x000000002607f060
Event: 5197.550 Thread 0x000000001fd59800 DEOPT UNPACKING pc=0x0000000004b8787f sp=0x000000002607ed88 mode 1
Event: 5197.550 Thread 0x000000001fd59800 DEOPT PACKING pc=0x00000000069b6c24 sp=0x000000002607f0a0
Event: 5197.550 Thread 0x000000001fd59800 DEOPT UNPACKING pc=0x0000000004b8787f sp=0x000000002607ee50 mode 1
Event: 5197.550 Thread 0x000000001fd59800 DEOPT PACKING pc=0x0000000004feade0 sp=0x000000002607eff0
Event: 5197.550 Thread 0x000000001fd59800 DEOPT UNPACKING pc=0x0000000004b8787f sp=0x000000002607ed20 mode 1
Event: 5197.550 Thread 0x000000001fd59800 DEOPT PACKING pc=0x000000000523278c sp=0x000000002607f060
Event: 5197.550 Thread 0x000000001fd59800 DEOPT UNPACKING pc=0x0000000004b8787f sp=0x000000002607ed88 mode 1
Event: 5197.550 Thread 0x000000001fd59800 DEOPT PACKING pc=0x00000000069b6c24 sp=0x000000002607f0a0
Event: 5197.550 Thread 0x000000001fd59800 DEOPT UNPACKING pc=0x0000000004b8787f sp=0x000000002607ee50 mode 1


Dynamic libraries:
0x00007ff63ed70000 - 0x00007ff63eda7000 	C:\Program Files\Java\jre1.8.0_144\bin\javaw.exe
0x00007ffa8d4b0000 - 0x00007ffa8d690000 	C:\WINDOWS\SYSTEM32\ntdll.dll
0x00007ffa8b330000 - 0x00007ffa8b3de000 	C:\WINDOWS\System32\KERNEL32.DLL
0x00007ffa89cb0000 - 0x00007ffa89f16000 	C:\WINDOWS\System32\KERNELBASE.dll
0x00007ffa8ab20000 - 0x00007ffa8abc1000 	C:\WINDOWS\System32\ADVAPI32.dll
0x00007ffa8b260000 - 0x00007ffa8b2fd000 	C:\WINDOWS\System32\msvcrt.dll
0x00007ffa8b930000 - 0x00007ffa8b98b000 	C:\WINDOWS\System32\sechost.dll
0x00007ffa8ae10000 - 0x00007ffa8af2f000 	C:\WINDOWS\System32\RPCRT4.dll
0x00007ffa8d160000 - 0x00007ffa8d2ef000 	C:\WINDOWS\System32\USER32.dll
0x00007ffa8a960000 - 0x00007ffa8a980000 	C:\WINDOWS\System32\win32u.dll
0x00007ffa8b300000 - 0x00007ffa8b328000 	C:\WINDOWS\System32\GDI32.dll
0x00007ffa89a60000 - 0x00007ffa89bf3000 	C:\WINDOWS\System32\gdi32full.dll
0x00007ffa8a8c0000 - 0x00007ffa8a95b000 	C:\WINDOWS\System32\msvcp_win.dll
0x00007ffa898b0000 - 0x00007ffa899a6000 	C:\WINDOWS\System32\ucrtbase.dll
0x00007ffa7a070000 - 0x00007ffa7a2d9000 	C:\WINDOWS\WinSxS\amd64_microsoft.windows.common-controls_6595b64144ccf1df_6.0.16299.125_none_15cbcf8893620c09\COMCTL32.dll
0x00007ffa8b990000 - 0x00007ffa8bc98000 	C:\WINDOWS\System32\combase.dll
0x00007ffa8a840000 - 0x00007ffa8a8b2000 	C:\WINDOWS\System32\bcryptPrimitives.dll
0x00007ffa8ac30000 - 0x00007ffa8ac5d000 	C:\WINDOWS\System32\IMM32.DLL
0x00000000647f0000 - 0x00000000648c2000 	C:\Program Files\Java\jre1.8.0_144\bin\msvcr100.dll
0x0000000063f50000 - 0x00000000647ed000 	C:\Program Files\Java\jre1.8.0_144\bin\server\jvm.dll
0x00007ffa8d360000 - 0x00007ffa8d368000 	C:\WINDOWS\System32\PSAPI.DLL
0x00007ffa7f680000 - 0x00007ffa7f68a000 	C:\WINDOWS\SYSTEM32\VERSION.dll
0x00007ffa87360000 - 0x00007ffa87383000 	C:\WINDOWS\SYSTEM32\WINMM.dll
0x00007ffa87250000 - 0x00007ffa8727a000 	C:\WINDOWS\SYSTEM32\WINMMBASE.dll
0x00007ffa89a10000 - 0x00007ffa89a5a000 	C:\WINDOWS\System32\cfgmgr32.dll
0x00007ffa7ef20000 - 0x00007ffa7ef29000 	C:\WINDOWS\SYSTEM32\WSOCK32.dll
0x00007ffa8d2f0000 - 0x00007ffa8d35c000 	C:\WINDOWS\System32\ws2_32.DLL
0x0000000063f40000 - 0x0000000063f4f000 	C:\Program Files\Java\jre1.8.0_144\bin\verify.dll
0x0000000063f10000 - 0x0000000063f39000 	C:\Program Files\Java\jre1.8.0_144\bin\java.dll
0x0000000064e90000 - 0x0000000064ec5000 	C:\Program Files\Java\jre1.8.0_144\bin\jdwp.dll
0x0000000064e80000 - 0x0000000064e88000 	C:\Program Files\Java\jre1.8.0_144\bin\npt.dll
0x0000000063ef0000 - 0x0000000063f06000 	C:\Program Files\Java\jre1.8.0_144\bin\zip.dll
0x00007ffa8bca0000 - 0x00007ffa8d0d6000 	C:\WINDOWS\System32\SHELL32.dll
0x00007ffa8af40000 - 0x00007ffa8afe6000 	C:\WINDOWS\System32\shcore.dll
0x00007ffa89f20000 - 0x00007ffa8a667000 	C:\WINDOWS\System32\windows.storage.dll
0x00007ffa8ac60000 - 0x00007ffa8acb1000 	C:\WINDOWS\System32\shlwapi.dll
0x00007ffa89850000 - 0x00007ffa89861000 	C:\WINDOWS\System32\kernel.appcore.dll
0x00007ffa89800000 - 0x00007ffa8984c000 	C:\WINDOWS\System32\powrprof.dll
0x00007ffa89870000 - 0x00007ffa8988b000 	C:\WINDOWS\System32\profapi.dll
0x0000000064e70000 - 0x0000000064e79000 	C:\Program Files\Java\jre1.8.0_144\bin\dt_socket.dll
0x00007ffa7aac0000 - 0x00007ffa7aad6000 	C:\WINDOWS\system32\napinsp.dll
0x00007ffa7aaa0000 - 0x00007ffa7aaba000 	C:\WINDOWS\system32\pnrpnsp.dll
0x00007ffa86470000 - 0x00007ffa86488000 	C:\WINDOWS\system32\NLAapi.dll
0x00007ffa89090000 - 0x00007ffa890f6000 	C:\WINDOWS\System32\mswsock.dll
0x00007ffa88e60000 - 0x00007ffa88f16000 	C:\WINDOWS\SYSTEM32\DNSAPI.dll
0x00007ffa8af30000 - 0x00007ffa8af38000 	C:\WINDOWS\System32\NSI.dll
0x00007ffa88e20000 - 0x00007ffa88e59000 	C:\WINDOWS\SYSTEM32\IPHLPAPI.DLL
0x00007ffa7aa90000 - 0x00007ffa7aa9e000 	C:\WINDOWS\System32\winrnr.dll
0x00007ffa7aa70000 - 0x00007ffa7aa85000 	C:\WINDOWS\System32\wshbth.dll
0x00007ffa80cb0000 - 0x00007ffa80d20000 	C:\WINDOWS\System32\fwpuclnt.dll
0x00007ffa89360000 - 0x00007ffa89385000 	C:\WINDOWS\SYSTEM32\bcrypt.dll
0x00007ffa806e0000 - 0x00007ffa806ea000 	C:\Windows\System32\rasadhlp.dll
0x0000000063a90000 - 0x0000000063a9d000 	C:\Program Files\Java\jre1.8.0_144\bin\management.dll
0x0000000063ed0000 - 0x0000000063eea000 	C:\Program Files\Java\jre1.8.0_144\bin\net.dll
0x0000000063eb0000 - 0x0000000063ec1000 	C:\Program Files\Java\jre1.8.0_144\bin\nio.dll
0x00007ffa89250000 - 0x00007ffa89267000 	C:\WINDOWS\SYSTEM32\CRYPTSP.dll
0x00007ffa88c40000 - 0x00007ffa88c73000 	C:\WINDOWS\system32\rsaenh.dll
0x00007ffa89730000 - 0x00007ffa89759000 	C:\WINDOWS\SYSTEM32\USERENV.dll
0x00007ffa89270000 - 0x00007ffa8927b000 	C:\WINDOWS\SYSTEM32\CRYPTBASE.dll
0x00007ffa823e0000 - 0x00007ffa823f6000 	C:\WINDOWS\SYSTEM32\dhcpcsvc6.DLL
0x00007ffa823c0000 - 0x00007ffa823da000 	C:\WINDOWS\SYSTEM32\dhcpcsvc.DLL
0x00007ffa7e7a0000 - 0x00007ffa7e968000 	C:\WINDOWS\SYSTEM32\dbghelp.dll

VM Arguments:
jvm_args: -agentlib:jdwp=transport=dt_socket,suspend=y,address=localhost:54879 -Dfile.encoding=UTF-8 
java_command: com.caf.valididty.CafvalidityV2App -Pprod
java_class_path (initial): E:\project\cafvalidity_v2\target\classes;C:\Users\welcome\.m2\repository\io\github\jhipster\jhipster\1.1.9\jhipster-1.1.9.jar;C:\Users\welcome\.m2\repository\io\dropwizard\metrics\metrics-core\3.2.2\metrics-core-3.2.2.jar;C:\Users\welcome\.m2\repository\org\slf4j\slf4j-api\1.7.25\slf4j-api-1.7.25.jar;C:\Users\welcome\.m2\repository\io\dropwizard\metrics\metrics-annotation\3.2.2\metrics-annotation-3.2.2.jar;C:\Users\welcome\.m2\repository\io\dropwizard\metrics\metrics-json\3.2.2\metrics-json-3.2.2.jar;C:\Users\welcome\.m2\repository\com\fasterxml\jackson\core\jackson-databind\2.8.9\jackson-databind-2.8.9.jar;C:\Users\welcome\.m2\repository\io\dropwizard\metrics\metrics-jcache\3.2.2\metrics-jcache-3.2.2.jar;C:\Users\welcome\.m2\repository\io\dropwizard\metrics\metrics-jvm\3.2.2\metrics-jvm-3.2.2.jar;C:\Users\welcome\.m2\repository\io\dropwizard\metrics\metrics-servlet\3.2.2\metrics-servlet-3.2.2.jar;C:\Users\welcome\.m2\repository\io\dropwizard\metrics\metrics-servlets\3.2.2\metrics-servlets-3.2.2.jar;C:\Users\welcome\.m2\repository\io\dropwizard\metrics\metrics-healthchecks\3.2.2\metrics-healthchecks-3.2.2.jar;C:\Users\welcome\.m2\repository\com\papertrail\profiler\1.0.2\profiler-1.0.2.jar;C:\Users\welcome\.m2\repository\joda-time\joda-time\2.9.9\joda-time-2.9.9.jar;C:\Users\welcome\.m2\repository\com\fasterxml\jackson\datatype\jackson-datatype-hibernate5\2.8.9\jackson-datatype-hibernate5-2.8.9.jar;C:\Users\welcome\.m2\repository\com\fasterxml\jackson\core\jackson-core\2.8.9\jackson-core-2.8.9.jar;C:\Users\welcome\.m2\repository\javax\transaction\jta\1.1\jta-1.1.jar;C:\Users\welcome\.m2\repository\com\fasterxml\jackson\datatype\jackson-datatype-hppc\2.8.9\jackson-datatype-hppc-2.8.9.jar;C:\Users\welcome\.m2\repository\com\carrotsearch\hppc\0.7.1\hppc-0.7.1.jar;C:\Users\welcome\.m2\repository\com\fasterxml\jackson\datatype\jackson-datatype-jsr310\2.8.9\jackson-datatype-jsr310-2.8.9.jar;C:\Users\welcome\.m2\repository\com\fasterxml\jackson\
Launcher Type: SUN_STANDARD

Environment Variables:
JAVA_HOME=C:\Program Files\Java\jdk1.8.0_144
PATH=C:/Program Files/Java/jre1.8.0_144/bin/server;C:/Program Files/Java/jre1.8.0_144/bin;C:/Program Files/Java/jre1.8.0_144/lib/amd64;C:\ProgramData\Oracle\Java\javapath;C:\WINDOWS\system32;C:\WINDOWS;C:\WINDOWS\System32\Wbem;C:\Program Files (x86)\Print Conductor;C:\Program Files\nodejs\;C:\Program Files (x86)\Yarn\bin;C:\Program Files\Git\cmd;C:\WINDOWS\System32\WindowsPowerShell\v1.0\;C:\Program Files (x86)\Smart Projects\IsoBuster;C:\HashiCorp\Vagrant\bin;C:\Users\welcome\AppData\Local\Microsoft\WindowsApps;C:\Program Files (x86)\Print Conductor;C:\Users\welcome\AppData\Roaming\npm;C:\Users\welcome\AppData\Local\Yarn\bin;C:\Program Files\Java\jdk1.8.0_144\bin;C:\Program Files\Heroku\bin;;C:\Users\welcome\Desktop;
USERNAME=welcome
OS=Windows_NT
PROCESSOR_IDENTIFIER=Intel64 Family 6 Model 61 Stepping 4, GenuineIntel



---------------  S Y S T E M  ---------------

OS: Windows 10.0 , 64 bit Build 16299 (10.0.16299.15)

CPU:total 4 (initial active 4) (2 cores per cpu, 2 threads per core) family 6 model 61 stepping 4, cmov, cx8, fxsr, mmx, sse, sse2, sse3, ssse3, sse4.1, sse4.2, popcnt, avx, avx2, aes, clmul, erms, 3dnowpref, lzcnt, ht, tsc, tscinvbit, bmi1, bmi2, adx

Memory: 4k page, physical 4107352k(535836k free), swap 8563800k(1636980k free)

vm_info: Java HotSpot(TM) 64-Bit Server VM (25.144-b01) for windows-amd64 JRE (1.8.0_144-b01), built on Jul 21 2017 21:57:33 by "java_re" with MS VC++ 10.0 (VS2010)

time: Sun Mar 25 16:06:52 2018
elapsed time: 44350 seconds (0d 12h 19m 10s)

